2018-02-02_14-00-01
#Sync---Grade:20171---Teachers:6
#------getCourse session_header-------#
200,OK
#-------getValidcode-------#
200,OK
#---------validcode:,
#------getTeacherExcel get teacher class table-------#
200,OK
2017019-obtain validcode fail
1
obtain validcode fail
#------getCourse session_header-------#
200,OK
#-------getValidcode-------#
200,OK
#---------validcode:,BFS9
#------getTeacherExcel get teacher class table-------#
200,OK
2017019-<table  width='100%' BORDER=0 align=center CELLPADDING=0 CELLSPACING=0 ><tr><td style='text-align:center;font-weight:bold;font-size:16pt'>遵义师范学院教师课表</td></tr><tr><td style='text-align:center;font-size:13px'>2017-2018学年第二学期</td></tr></table><br><table width=99% BORDER=0 align=center CELLPADDING=0 CELLSPACING=0><tr><td  width=80% align=left >部门：音乐与舞蹈学院&ensp;&ensp;教师：曹睆&ensp;&ensp;性别：女&ensp;&ensp;职称：</td></tr></table><TABLE WIDTH=99% BORDER=1 align=center  CELLPADDING=0 CELLSPACING=0 bordercolorlight=#000000 bordercolordark=#FFFFFF><tr><td width='5%' align=center >序号</td><td width='25%' align=center >课程</td><td width='5%' align=center >学分</td><td width='9%' align=center >授课方式</td><td width='10%' align=center >课程类别</td><td width='5%' align=center >上课<br>班号</td><td width='9%' align=center >上课班级</td><td width='5%' align=center >上课<br>人数</td><td width='12%' align=center >时间</td><td width='15%' align=center >地点</td></tr><td width='5%' align='center' >1<br></td><td width='25%' align='left' >[110199]器乐主修Ⅱ<br></td><td width='5%' align='right' >1.0<br></td><td width='9%' align='left' >讲授<br></td><td width='10%' align='left' >专业基础课/限选课<br></td><td width='5%' align='center' >012<br></td><td width='9%' align='left' >2015级音乐学本科(1)班 2015级音乐学本科(2)班 2015级音乐专升本班<br></td><td width='5%' align='right' >1<br></td><td width='12%' align='left' >1-16周&ensp;三[3节]<br></td><td width='15%' align='left' >执韵楼D501<br></td></tr><td width='5%' align='center' >2<br></td><td width='25%' align='left' >[360172]器乐普修Ⅱ<br></td><td width='5%' align='right' >1.0<br></td><td width='9%' align='left' >讲授<br></td><td width='10%' align='left' >专业课/限选课<br></td><td width='5%' align='center' >032<br></td><td width='9%' align='left' >17级音乐本科(1)班 17级音乐本科(2)班 17级音表本科班<br></td><td width='5%' align='right' >2<br></td><td width='12%' align='left' >1-16周&ensp;一[1节]<br></td><td width='15%' align='left' >执韵楼D501<br></td></tr><td width='5%' align='center' >3<br></td><td width='25%' align='left' ><br></td><td width='5%' align='right' ><br></td><td width='9%' align='left' >讲授<br></td><td width='10%' align='left' >专业课/限选课<br></td><td width='5%' align='center' >033<br></td><td width='9%' align='left' >17级音乐本科(1)班 17级音乐本科(2)班 17级音表本科班<br></td><td width='5%' align='right' >2<br></td><td width='12%' align='left' >1-16周&ensp;一[2节]<br></td><td width='15%' align='left' >执韵楼D501<br></td></tr><td width='5%' align='center' >4<br></td><td width='25%' align='left' ><br></td><td width='5%' align='right' ><br></td><td width='9%' align='left' >讲授<br></td><td width='10%' align='left' >专业课/限选课<br></td><td width='5%' align='center' >034<br></td><td width='9%' align='left' >17级音乐本科(1)班 17级音乐本科(2)班 17级音表本科班<br></td><td width='5%' align='right' >2<br></td><td width='12%' align='left' >1-16周&ensp;一[4节]<br></td><td width='15%' align='left' >执韵楼D501<br></td></tr><td width='5%' align='center' >5<br></td><td width='25%' align='left' ><br></td><td width='5%' align='right' ><br></td><td width='9%' align='left' >讲授<br></td><td width='10%' align='left' >专业课/限选课<br></td><td width='5%' align='center' >035<br></td><td width='9%' align='left' >17级音乐本科(1)班 17级音乐本科(2)班 17级音表本科班<br></td><td width='5%' align='right' >2<br></td><td width='12%' align='left' >1-16周&ensp;一[5节]<br></td><td width='15%' align='left' >执韵楼D501<br></td></tr><td width='5%' align='center' >6<br></td><td width='25%' align='left' ><br></td><td width='5%' align='right' ><br></td><td width='9%' align='left' >讲授<br></td><td width='10%' align='left' >专业课/限选课<br></td><td width='5%' align='center' >036<br></td><td width='9%' align='left' >17级音乐本科(1)班 17级音乐本科(2)班 17级音表本科班<br></td><td width='5%' align='right' >2<br></td><td width='12%' align='left' >1-16周&ensp;一[6节]<br></td><td width='15%' align='left' >执韵楼D501<br></td></tr><td width='5%' align='center' >7<br></td><td width='25%' align='left' ><br></td><td width='5%' align='right' ><br></td><td width='9%' align='left' >讲授<br></td><td width='10%' align='left' >专业课/限选课<br></td><td width='5%' align='center' >037<br></td><td width='9%' align='left' >17级音乐本科(1)班 17级音乐本科(2)班 17级音表本科班<br></td><td width='5%' align='right' >2<br></td><td width='12%' align='left' >1-16周&ensp;一[3节]<br></td><td width='15%' align='left' >执韵楼D501<br></td></tr><td width='5%' align='center' >8<br></td><td width='25%' align='left' >[360259]器乐普修Ⅳ<br></td><td width='5%' align='right' >1.0<br></td><td width='9%' align='left' >讲授<br></td><td width='10%' align='left' >专业课/必修课<br></td><td width='5%' align='center' >045<br></td><td width='9%' align='left' >16级音乐本科(1)班 16级音乐本科(2)班 16级音乐表演本科班<br></td><td width='5%' align='right' >1<br></td><td width='12%' align='left' >1-16周&ensp;二[2节]<br></td><td width='15%' align='left' >执韵楼D501<br></td></tr><td width='5%' align='center' >9<br></td><td width='25%' align='left' ><br></td><td width='5%' align='right' ><br></td><td width='9%' align='left' >讲授<br></td><td width='10%' align='left' >专业课/必修课<br></td><td width='5%' align='center' >046<br></td><td width='9%' align='left' >16级音乐本科(1)班 16级音乐本科(2)班 16级音乐表演本科班<br></td><td width='5%' align='right' >2<br></td><td width='12%' align='left' >1-16周&ensp;二[3节]<br></td><td width='15%' align='left' >执韵楼D501<br></td></tr><td width='5%' align='center' >10<br></td><td width='25%' align='left' ><br></td><td width='5%' align='right' ><br></td><td width='9%' align='left' >讲授<br></td><td width='10%' align='left' >专业课/必修课<br></td><td width='5%' align='center' >047<br></td><td width='9%' align='left' >16级音乐本科(1)班 16级音乐本科(2)班 16级音乐表演本科班<br></td><td width='5%' align='right' >2<br></td><td width='12%' align='left' >1-16周&ensp;二[4节]<br></td><td width='15%' align='left' >执韵楼D501<br></td></tr></table><TABLE name=theExportData WIDTH=100% BORDER=0 align=center CELLPADDING=0 CELLSPACING=0 ><tr><td width=100% ><b>注1：</b></td></tr><tr><td width=100% ><b>注2：</b></td></tr></table>
#------getCourse session_header-------#
200,OK
#-------getValidcode-------#
200,OK
#---------validcode:,VS9Y
#------getTeacherExcel get teacher class table-------#
200,OK
0000733-<table  width='100%' BORDER=0 align=center CELLPADDING=0 CELLSPACING=0 ><tr><td style='text-align:center;font-weight:bold;font-size:16pt'>遵义师范学院教师课表</td></tr><tr><td style='text-align:center;font-size:13px'>2017-2018学年第二学期</td></tr></table><br><table width=99% BORDER=0 align=center CELLPADDING=0 CELLSPACING=0><tr><td  width=80% align=left >部门：团委&ensp;&ensp;教师：范星佑&ensp;&ensp;性别：男&ensp;&ensp;职称：</td></tr></table><TABLE WIDTH=99% BORDER=1 align=center  CELLPADDING=0 CELLSPACING=0 bordercolorlight=#000000 bordercolordark=#FFFFFF><tr><td width='5%' align=center >序号</td><td width='25%' align=center >课程</td><td width='5%' align=center >学分</td><td width='9%' align=center >授课方式</td><td width='10%' align=center >课程类别</td><td width='5%' align=center >上课<br>班号</td><td width='9%' align=center >上课班级</td><td width='5%' align=center >上课<br>人数</td><td width='12%' align=center >时间</td><td width='15%' align=center >地点</td></tr><td width='5%' align='center' >1<br></td><td width='25%' align='left' >[100227]大学生礼仪修养<br></td><td width='5%' align='right' >1.0<br></td><td width='9%' align='left' >讲授<br></td><td width='10%' align='left' >公共课/必修课<br></td><td width='5%' align='center' >055<br></td><td width='9%' align='left' >2015级播音与主持本科班<br></td><td width='5%' align='right' >41<br></td><td width='12%' align='left' >1-8周&ensp;三[5-6节]<br></td><td width='15%' align='left' >执文楼203<br></td></tr><td width='5%' align='center' >2<br></td><td width='25%' align='left' >[240229]广播播音与主持Ⅱ<br></td><td width='5%' align='right' >1.5<br></td><td width='9%' align='left' >讲授<br></td><td width='10%' align='left' >专业基础课/必修课<br></td><td width='5%' align='center' >001<br></td><td width='9%' align='left' >2015级播音与主持本科班<br></td><td width='5%' align='right' >41<br></td><td width='12%' align='left' >1-16周&ensp;二[3-4节]<br></td><td width='15%' align='left' >执文楼208<br></td></tr><td width='5%' align='center' >3<br></td><td width='25%' align='left' >[340109]小学语文教材与教学案例研究<br></td><td width='5%' align='right' >1.5<br></td><td width='9%' align='left' >讲授<br></td><td width='10%' align='left' >专业课/限选课<br></td><td width='5%' align='center' >001<br></td><td width='9%' align='left' >16级小教本科(1)班<br></td><td width='5%' align='right' >51<br></td><td width='12%' align='left' >1-16周&ensp;三[1-2节]<br></td><td width='15%' align='left' >执毓楼330<br></td></tr></table><TABLE name=theExportData WIDTH=100% BORDER=0 align=center CELLPADDING=0 CELLSPACING=0 ><tr><td width=100% ><b>注1：</b></td></tr><tr><td width=100% ><b>注2：</b></td></tr></table>
#------getCourse session_header-------#
200,OK
#-------getValidcode-------#
200,OK
#---------validcode:,
#------getTeacherExcel get teacher class table-------#
200,OK
0000679-obtain validcode fail
1
obtain validcode fail
#------getCourse session_header-------#
200,OK
#-------getValidcode-------#
200,OK
#---------validcode:,
#------getTeacherExcel get teacher class table-------#
200,OK
0000679-obtain validcode fail
1
obtain validcode fail
#------getCourse session_header-------#
200,OK
#-------getValidcode-------#
200,OK
#---------validcode:,N69Y
#------getTeacherExcel get teacher class table-------#
200,OK
0000679-<table  width='100%' BORDER=0 align=center CELLPADDING=0 CELLSPACING=0 ><tr><td style='text-align:center;font-weight:bold;font-size:16pt'>遵义师范学院教师课表</td></tr><tr><td style='text-align:center;font-size:13px'>2017-2018学年第二学期</td></tr></table><br><table width=99% BORDER=0 align=center CELLPADDING=0 CELLSPACING=0><tr><td  width=80% align=left >部门：音乐与舞蹈学院&ensp;&ensp;教师：王继子&ensp;&ensp;性别：男&ensp;&ensp;职称：</td></tr></table><TABLE WIDTH=99% BORDER=1 align=center  CELLPADDING=0 CELLSPACING=0 bordercolorlight=#000000 bordercolordark=#FFFFFF><tr><td width='5%' align=center >序号</td><td width='25%' align=center >课程</td><td width='5%' align=center >学分</td><td width='9%' align=center >授课方式</td><td width='10%' align=center >课程类别</td><td width='5%' align=center >上课<br>班号</td><td width='9%' align=center >上课班级</td><td width='5%' align=center >上课<br>人数</td><td width='12%' align=center >时间</td><td width='15%' align=center >地点</td></tr><td width='5%' align='center' >1<br></td><td width='25%' align='left' >[360161]中外舞蹈史及作品鉴赏<br></td><td width='5%' align='right' >1.5<br></td><td width='9%' align='left' >讲授<br></td><td width='10%' align='left' >专业课/必修课<br></td><td width='5%' align='center' >001<br></td><td width='9%' align='left' >17级舞编本科班<br></td><td width='5%' align='right' >45<br></td><td width='12%' align='left' >1-16周&ensp;三[7-8节]<br></td><td width='15%' align='left' >执韵楼A301<br></td></tr><td width='5%' align='center' >2<br></td><td width='25%' align='left' >[360162]单人舞编舞技法<br></td><td width='5%' align='right' >4.5<br></td><td width='9%' align='left' >讲授<br></td><td width='10%' align='left' >专业课/必修课<br></td><td width='5%' align='center' >001<br></td><td width='9%' align='left' >17级舞编本科班<br></td><td width='5%' align='right' >45<br></td><td width='12%' align='left' >1-16周&ensp;二[5-8节]<br></td><td width='15%' align='left' >执韵楼B301<br></td></tr><td width='5%' align='center' >3<br></td><td width='25%' align='left' ><br></td><td width='5%' align='right' ><br></td><td width='9%' align='left' >讲授<br></td><td width='10%' align='left' >专业课/必修课<br></td><td width='5%' align='center' >002<br></td><td width='9%' align='left' >17级舞编本科班<br></td><td width='5%' align='right' >0<br></td><td width='12%' align='left' >1-16周&ensp;三[1-4节]<br></td><td width='15%' align='left' >执韵楼B301<br></td></tr><td width='5%' align='center' >4<br></td><td width='25%' align='left' >[360201]维族民间舞<br></td><td width='5%' align='right' >2.0<br></td><td width='9%' align='left' >讲授<br></td><td width='10%' align='left' >专业课/必修课<br></td><td width='5%' align='center' >001<br></td><td width='9%' align='left' >16级舞蹈编导本科班<br></td><td width='5%' align='right' >15<br></td><td width='12%' align='left' >1-16周&ensp;三[5-6节]<br></td><td width='15%' align='left' >执韵楼B202<br></td></tr><td width='5%' align='center' >5<br></td><td width='25%' align='left' >[360349]贵州少数民族文化<br></td><td width='5%' align='right' >1.0<br></td><td width='9%' align='left' >讲授<br></td><td width='10%' align='left' >专业课/任选课<br></td><td width='5%' align='center' >001<br></td><td width='9%' align='left' >2014级舞蹈编导本科班<br></td><td width='5%' align='right' >39<br></td><td width='12%' align='left' >1-9周&ensp;二[3-4节]<br></td><td width='15%' align='left' >执韵楼A301<br></td></tr><td width='5%' align='center' >6<br></td><td width='25%' align='left' >[360425]身体素质训练Ⅱ<br></td><td width='5%' align='right' >2.0<br></td><td width='9%' align='left' >讲授<br></td><td width='10%' align='left' >专业课/必修课<br></td><td width='5%' align='center' >004<br></td><td width='9%' align='left' >17级舞编本科班<br></td><td width='5%' align='right' >8<br></td><td width='12%' align='left' >1-1周&ensp;二[9-10节]<br></td><td width='15%' align='left' >执韵楼B301<br></td></tr><td width='5%' align='center' >7<br></td><td width='25%' align='left' >[360438]芭蕾舞基训Ⅱ<br></td><td width='5%' align='right' >2.0<br></td><td width='9%' align='left' >讲授<br></td><td width='10%' align='left' >专业课/必修课<br></td><td width='5%' align='center' >003<br></td><td width='9%' align='left' >17级舞编本科班<br></td><td width='5%' align='right' >8<br></td><td width='12%' align='left' >1-16周&ensp;三[9-10节]<br></td><td width='15%' align='left' >执韵楼B301<br></td></tr></table><TABLE name=theExportData WIDTH=100% BORDER=0 align=center CELLPADDING=0 CELLSPACING=0 ><tr><td width=100% ><b>注1：</b></td></tr><tr><td width=100% ><b>注2：</b></td></tr></table>
#------getCourse session_header-------#
200,OK
#-------getValidcode-------#
200,OK
#---------validcode:,ZBGA
#------getTeacherExcel get teacher class table-------#
200,OK
2015079-obtain validcode fail
1
obtain validcode fail
#------getCourse session_header-------#
200,OK
#-------getValidcode-------#
200,OK
#---------validcode:,DWG
#------getTeacherExcel get teacher class table-------#
200,OK
2015079-obtain validcode fail
1
obtain validcode fail
#------getCourse session_header-------#
200,OK
#-------getValidcode-------#
200,OK
#---------validcode:,EEGZ
#------getTeacherExcel get teacher class table-------#
200,OK
2015079-<table  width='100%' BORDER=0 align=center CELLPADDING=0 CELLSPACING=0 ><tr><td style='text-align:center;font-weight:bold;font-size:16pt'>遵义师范学院教师课表</td></tr><tr><td style='text-align:center;font-size:13px'>2017-2018学年第二学期</td></tr></table><br><table width=99% BORDER=0 align=center CELLPADDING=0 CELLSPACING=0><tr><td  width=80% align=left >部门：音乐与舞蹈学院&ensp;&ensp;教师：谢琴&ensp;&ensp;性别：女&ensp;&ensp;职称：</td></tr></table><TABLE WIDTH=99% BORDER=1 align=center  CELLPADDING=0 CELLSPACING=0 bordercolorlight=#000000 bordercolordark=#FFFFFF><tr><td width='5%' align=center >序号</td><td width='25%' align=center >课程</td><td width='5%' align=center >学分</td><td width='9%' align=center >授课方式</td><td width='10%' align=center >课程类别</td><td width='5%' align=center >上课<br>班号</td><td width='9%' align=center >上课班级</td><td width='5%' align=center >上课<br>人数</td><td width='12%' align=center >时间</td><td width='15%' align=center >地点</td></tr><td width='5%' align='center' >1<br></td><td width='25%' align='left' >[110198]声乐主修Ⅱ<br></td><td width='5%' align='right' >1.0<br></td><td width='9%' align='left' >讲授<br></td><td width='10%' align='left' >专业课/限选课<br></td><td width='5%' align='center' >008<br></td><td width='9%' align='left' >17级音表本科班<br></td><td width='5%' align='right' >1<br></td><td width='12%' align='left' >1-16周&ensp;一[8节]<br></td><td width='15%' align='left' >执韵楼D402<br></td></tr><td width='5%' align='center' >2<br></td><td width='25%' align='left' ><br></td><td width='5%' align='right' ><br></td><td width='9%' align='left' >讲授<br></td><td width='10%' align='left' >专业基础课/限选课<br></td><td width='5%' align='center' >039<br></td><td width='9%' align='left' >2015级音乐学本科(1)班 2015级音乐学本科(2)班 2015级音乐专升本班<br></td><td width='5%' align='right' >0<br></td><td width='12%' align='left' >1-18周&ensp;三[1节]<br></td><td width='15%' align='left' >执韵楼D402<br></td></tr><td width='5%' align='center' >3<br></td><td width='25%' align='left' ><br></td><td width='5%' align='right' ><br></td><td width='9%' align='left' >讲授<br></td><td width='10%' align='left' >专业基础课/限选课<br></td><td width='5%' align='center' >040<br></td><td width='9%' align='left' >2015级音乐学本科(1)班 2015级音乐学本科(2)班 2015级音乐专升本班<br></td><td width='5%' align='right' >1<br></td><td width='12%' align='left' >1-16周&ensp;三[2节]<br></td><td width='15%' align='left' >执韵楼D402<br></td></tr><td width='5%' align='center' >4<br></td><td width='25%' align='left' ><br></td><td width='5%' align='right' ><br></td><td width='9%' align='left' >讲授<br></td><td width='10%' align='left' >专业课/限选课<br></td><td width='5%' align='center' >047<br></td><td width='9%' align='left' >17级音表本科班<br></td><td width='5%' align='right' >1<br></td><td width='12%' align='left' >1-16周&ensp;一[3节]<br></td><td width='15%' align='left' >执韵楼D402<br></td></tr><td width='5%' align='center' >5<br></td><td width='25%' align='left' >[360171]声乐普修Ⅱ<br></td><td width='5%' align='right' >1.0<br></td><td width='9%' align='left' >讲授<br></td><td width='10%' align='left' >专业课/必修课<br></td><td width='5%' align='center' >008<br></td><td width='9%' align='left' >17级音乐本科(1)班 17级音乐本科(2)班<br></td><td width='5%' align='right' >4<br></td><td width='12%' align='left' >1-16周&ensp;一[4节]<br></td><td width='15%' align='left' >执韵楼D402<br></td></tr><td width='5%' align='center' >6<br></td><td width='25%' align='left' ><br></td><td width='5%' align='right' ><br></td><td width='9%' align='left' >讲授<br></td><td width='10%' align='left' >专业课/限选课<br></td><td width='5%' align='center' >009<br></td><td width='9%' align='left' >17级音乐本科(1)班 17级音乐本科(2)班 17级音表本科班<br></td><td width='5%' align='right' >1<br></td><td width='12%' align='left' >1-16周&ensp;一[5节]<br></td><td width='15%' align='left' >执韵楼D402<br></td></tr><td width='5%' align='center' >7<br></td><td width='25%' align='left' ><br></td><td width='5%' align='right' ><br></td><td width='9%' align='left' >讲授<br></td><td width='10%' align='left' >专业课/限选课<br></td><td width='5%' align='center' >010<br></td><td width='9%' align='left' >17级音乐本科(1)班 17级音乐本科(2)班 17级音表本科班<br></td><td width='5%' align='right' >4<br></td><td width='12%' align='left' >1-16周&ensp;一[6节]<br></td><td width='15%' align='left' >执韵楼D402<br></td></tr><td width='5%' align='center' >8<br></td><td width='25%' align='left' ><br></td><td width='5%' align='right' ><br></td><td width='9%' align='left' >讲授<br></td><td width='10%' align='left' >专业课/限选课<br></td><td width='5%' align='center' >011<br></td><td width='9%' align='left' >17级音乐本科(1)班 17级音乐本科(2)班 17级音表本科班<br></td><td width='5%' align='right' >4<br></td><td width='12%' align='left' >1-16周&ensp;一[7节]<br></td><td width='15%' align='left' >执韵楼D402<br></td></tr><td width='5%' align='center' >9<br></td><td width='25%' align='left' ><br></td><td width='5%' align='right' ><br></td><td width='9%' align='left' >讲授<br></td><td width='10%' align='left' >专业课/必修课<br></td><td width='5%' align='center' >028<br></td><td width='9%' align='left' >17级音乐本科(1)班 17级音乐本科(2)班<br></td><td width='5%' align='right' >8<br></td><td width='12%' align='left' >1-16周&ensp;二[8节]<br></td><td width='15%' align='left' ><br></td></tr><td width='5%' align='center' >10<br></td><td width='25%' align='left' >[360180]意大利语语音入门<br></td><td width='5%' align='right' >0.5<br></td><td width='9%' align='left' >讲授<br></td><td width='10%' align='left' >专业课/任选课<br></td><td width='5%' align='center' >001<br></td><td width='9%' align='left' >17级音乐本科(1)班<br></td><td width='5%' align='right' >48<br></td><td width='12%' align='left' >1-8周&ensp;三[6节]<br></td><td width='15%' align='left' >执韵楼A405<br></td></tr><td width='5%' align='center' >11<br></td><td width='25%' align='left' ><br></td><td width='5%' align='right' ><br></td><td width='9%' align='left' >讲授<br></td><td width='10%' align='left' >专业课/任选课<br></td><td width='5%' align='center' >002<br></td><td width='9%' align='left' >17级音乐本科(2)班<br></td><td width='5%' align='right' >47<br></td><td width='12%' align='left' >1-8周&ensp;三[5节]<br></td><td width='15%' align='left' >执韵楼A406<br></td></tr><td width='5%' align='center' >12<br></td><td width='25%' align='left' >[360256]声乐普修Ⅳ<br></td><td width='5%' align='right' >1.0<br></td><td width='9%' align='left' >讲授<br></td><td width='10%' align='left' >专业课/必修课<br></td><td width='5%' align='center' >015<br></td><td width='9%' align='left' >16级音乐本科(1)班 16级音乐本科(2)班<br></td><td width='5%' align='right' >3<br></td><td width='12%' align='left' >1-16周&ensp;二[1节]<br></td><td width='15%' align='left' >执韵楼D402<br></td></tr><td width='5%' align='center' >13<br></td><td width='25%' align='left' ><br></td><td width='5%' align='right' ><br></td><td width='9%' align='left' >讲授<br></td><td width='10%' align='left' >专业课/必修课<br></td><td width='5%' align='center' >016<br></td><td width='9%' align='left' >16级音乐本科(1)班 16级音乐本科(2)班<br></td><td width='5%' align='right' >2<br></td><td width='12%' align='left' >1-16周&ensp;二[2节]<br></td><td width='15%' align='left' ><br></td></tr><td width='5%' align='center' >14<br></td><td width='25%' align='left' ><br></td><td width='5%' align='right' ><br></td><td width='9%' align='left' >讲授<br></td><td width='10%' align='left' >专业课/必修课<br></td><td width='5%' align='center' >017<br></td><td width='9%' align='left' >16级音乐本科(1)班 16级音乐本科(2)班<br></td><td width='5%' align='right' >4<br></td><td width='12%' align='left' >1-16周&ensp;二[3节]<br></td><td width='15%' align='left' ><br></td></tr><td width='5%' align='center' >15<br></td><td width='25%' align='left' ><br></td><td width='5%' align='right' ><br></td><td width='9%' align='left' >讲授<br></td><td width='10%' align='left' >专业课/必修课<br></td><td width='5%' align='center' >018<br></td><td width='9%' align='left' >16级音乐本科(1)班 16级音乐本科(2)班<br></td><td width='5%' align='right' >4<br></td><td width='12%' align='left' >1-16周&ensp;二[4节]<br></td><td width='15%' align='left' ><br></td></tr><td width='5%' align='center' >16<br></td><td width='25%' align='left' >[360283]声乐（钢琴）普修Ⅵ<br></td><td width='5%' align='right' >1.0<br></td><td width='9%' align='left' >讲授<br></td><td width='10%' align='left' >专业基础课/限选课<br></td><td width='5%' align='center' >021<br></td><td width='9%' align='left' >2015级音乐学本科(1)班 2015级音乐学本科(2)班 2015级音乐专升本班<br></td><td width='5%' align='right' >2<br></td><td width='12%' align='left' >1-16周&ensp;二[5节]<br></td><td width='15%' align='left' >执韵楼D402<br></td></tr><td width='5%' align='center' >17<br></td><td width='25%' align='left' ><br></td><td width='5%' align='right' ><br></td><td width='9%' align='left' >讲授<br></td><td width='10%' align='left' >专业基础课/限选课<br></td><td width='5%' align='center' >022<br></td><td width='9%' align='left' >2015级音乐学本科(1)班 2015级音乐学本科(2)班 2015级音乐专升本班<br></td><td width='5%' align='right' >4<br></td><td width='12%' align='left' >1-16周&ensp;二[6节]<br></td><td width='15%' align='left' ><br></td></tr><td width='5%' align='center' >18<br></td><td width='25%' align='left' >[360330]声乐主修Ⅵ<br></td><td width='5%' align='right' >1.0<br></td><td width='9%' align='left' >讲授<br></td><td width='10%' align='left' >专业基础课/限选课<br></td><td width='5%' align='center' >026<br></td><td width='9%' align='left' >2015级音乐表演本科班<br></td><td width='5%' align='right' >1<br></td><td width='12%' align='left' >1-16周&ensp;三[3节]<br></td><td width='15%' align='left' ><br></td></tr><td width='5%' align='center' >19<br></td><td width='25%' align='left' ><br></td><td width='5%' align='right' ><br></td><td width='9%' align='left' >讲授<br></td><td width='10%' align='left' >专业基础课/限选课<br></td><td width='5%' align='center' >027<br></td><td width='9%' align='left' >2015级音乐表演本科班<br></td><td width='5%' align='right' >1<br></td><td width='12%' align='left' >1-16周&ensp;三[4节]<br></td><td width='15%' align='left' ><br></td></tr><td width='5%' align='center' >20<br></td><td width='25%' align='left' ><br></td><td width='5%' align='right' ><br></td><td width='9%' align='left' >讲授<br></td><td width='10%' align='left' >专业基础课/限选课<br></td><td width='5%' align='center' >028<br></td><td width='9%' align='left' >2015级音乐表演本科班<br></td><td width='5%' align='right' >1<br></td><td width='12%' align='left' >1-16周&ensp;三[8节]<br></td><td width='15%' align='left' ><br></td></tr><td width='5%' align='center' >21<br></td><td width='25%' align='left' ><br></td><td width='5%' align='right' ><br></td><td width='9%' align='left' >讲授<br></td><td width='10%' align='left' >专业基础课/限选课<br></td><td width='5%' align='center' >029<br></td><td width='9%' align='left' >2015级音乐表演本科班<br></td><td width='5%' align='right' >0<br></td><td width='12%' align='left' >1-16周&ensp;二[7节]<br></td><td width='15%' align='left' ><br></td></tr><td width='5%' align='center' >22<br></td><td width='25%' align='left' ><br></td><td width='5%' align='right' ><br></td><td width='9%' align='left' >讲授<br></td><td width='10%' align='left' >专业基础课/限选课<br></td><td width='5%' align='center' >030<br></td><td width='9%' align='left' >2015级音乐表演本科班<br></td><td width='5%' align='right' >1<br></td><td width='12%' align='left' >1-16周&ensp;三[7节]<br></td><td width='15%' align='left' ><br></td></tr></table><TABLE name=theExportData WIDTH=100% BORDER=0 align=center CELLPADDING=0 CELLSPACING=0 ><tr><td width=100% ><b>注1：</b></td></tr><tr><td width=100% ><b>注2：</b></td></tr></table>
#------getCourse session_header-------#
200,OK
#-------getValidcode-------#
200,OK
#---------validcode:,V69
#------getTeacherExcel get teacher class table-------#
200,OK
2016035-obtain validcode fail
1
obtain validcode fail
#------getCourse session_header-------#
200,OK
#-------getValidcode-------#
200,OK
#---------validcode:,X7 X 6
#------getTeacherExcel get teacher class table-------#
200,OK
2016035-obtain validcode fail
1
obtain validcode fail
#------getCourse session_header-------#
200,OK
#-------getValidcode-------#
200,OK
#---------validcode:,VYK5
#------getTeacherExcel get teacher class table-------#
200,OK
2016035-
#------getCourse session_header-------#
200,OK
#-------getValidcode-------#
200,OK
#---------validcode:,
#------getTeacherExcel get teacher class table-------#
200,OK
0000582-obtain validcode fail
1
obtain validcode fail
#------getCourse session_header-------#
200,OK
#-------getValidcode-------#
200,OK
#---------validcode:,ZS NU
#------getTeacherExcel get teacher class table-------#
200,OK
0000582-obtain validcode fail
1
obtain validcode fail
#------getCourse session_header-------#
200,OK
#-------getValidcode-------#
200,OK
#---------validcode:,CSMQ
#------getTeacherExcel get teacher class table-------#
200,OK
0000582-<table  width='100%' BORDER=0 align=center CELLPADDING=0 CELLSPACING=0 ><tr><td style='text-align:center;font-weight:bold;font-size:16pt'>遵义师范学院教师课表</td></tr><tr><td style='text-align:center;font-size:13px'>2017-2018学年第二学期</td></tr></table><br><table width=99% BORDER=0 align=center CELLPADDING=0 CELLSPACING=0><tr><td  width=80% align=left >部门：生物与农业科技学院&ensp;&ensp;教师：曾燕玲&ensp;&ensp;性别：女&ensp;&ensp;职称：</td></tr></table><TABLE WIDTH=99% BORDER=1 align=center  CELLPADDING=0 CELLSPACING=0 bordercolorlight=#000000 bordercolordark=#FFFFFF><tr><td width='5%' align=center >序号</td><td width='25%' align=center >课程</td><td width='5%' align=center >学分</td><td width='9%' align=center >授课方式</td><td width='10%' align=center >课程类别</td><td width='5%' align=center >上课<br>班号</td><td width='9%' align=center >上课班级</td><td width='5%' align=center >上课<br>人数</td><td width='12%' align=center >时间</td><td width='15%' align=center >地点</td></tr><td width='5%' align='center' >1<br></td><td width='25%' align='left' >[310193]趣味昆虫学<br></td><td width='5%' align='right' >2.0<br></td><td width='9%' align='left' >讲授<br></td><td width='10%' align='left' >公共课/任选课<br></td><td width='5%' align='center' >001<br></td><td width='9%' align='left' >2015级中文本科(1)班 2015级中文本科(2)班 2015级中文专升本班 16级中文本科(1)班 16级中文本科(2)班 16级中文本科(3)班 2015级播音与主持本科班 16级播音主持本科班 2015级历史本科班 16级历史本科班 2015级旅游管理本科班 16级旅游本科(1)班 16级旅游本科(2)班 2015级酒店<br></td><td width='5%' align='right' >0<br></td><td width='12%' align='left' >3-18周&ensp;三[9-10节]<br></td><td width='15%' align='left' >执闳楼206<br></td></tr></table><TABLE name=theExportData WIDTH=100% BORDER=0 align=center CELLPADDING=0 CELLSPACING=0 ><tr><td width=100% ><b>注1：</b></td></tr><tr><td width=100% ><b>注2：</b></td></tr></table>
#---updated:6, saved:0----#
2018-02-02_14-07-32
